Построение начато 05.07.2013 21:08:53.
     1>Проект "D:\git\Snake\SnakeLevelEditor\SnakeLevelEditor\SnakeLevelEditor.vcxproj" в узле 2 (целевые объекты build).
     1>PrepareForBuild:
         Создание каталога "D:\git\Snake\SnakeLevelEditor\Debug\".
       InitializeBuildStatus:
         Создание "Debug\SnakeLevelEditor.unsuccessfulbuild", так как было задано "AlwaysCreate".
       ClCompile:
         C:\Program Files (x86)\Microsoft Visual Studio 10.0\VC\bin\CL.exe /c /ZI /nologo /W3 /WX- /Od /Oy- /D WIN32 /D _DEBUG /D _CONSOLE /D _UNICODE /D UNICODE /Gm /EHsc /RTC1 /MDd /GS /fp:precise /Zc:wchar_t /Zc:forScope /Fo"Debug\\" /Fd"Debug\vc100.pdb" /Gd /TP /analyze- /errorReport:prompt main.cpp
         main.cpp
       ManifestResourceCompile:
         C:\Program Files (x86)\Microsoft SDKs\Windows\v7.0A\bin\rc.exe /nologo /fo"Debug\SnakeLevelEditor.exe.embed.manifest.res" Debug\SnakeLevelEditor_manifest.rc 
       Link:
         C:\Program Files (x86)\Microsoft Visual Studio 10.0\VC\bin\link.exe /ERRORREPORT:PROMPT /OUT:"D:\git\Snake\SnakeLevelEditor\Debug\SnakeLevelEditor.exe" /INCREMENTAL /NOLOGO kernel32.lib user32.lib gdi32.lib winspool.lib comdlg32.lib advapi32.lib shell32.lib ole32.lib oleaut32.lib uuid.lib odbc32.lib odbccp32.lib /MANIFEST /ManifestFile:"Debug\SnakeLevelEditor.exe.intermediate.manifest" /MANIFESTUAC:"level='asInvoker' uiAccess='false'" /DEBUG /PDB:"D:\git\Snake\SnakeLevelEditor\Debug\SnakeLevelEditor.pdb" /SUBSYSTEM:CONSOLE /TLBID:1 /DYNAMICBASE /NXCOMPAT /IMPLIB:"D:\git\Snake\SnakeLevelEditor\Debug\SnakeLevelEditor.lib" /MACHINE:X86 Debug\SnakeLevelEditor.exe.embed.manifest.res
         Debug\main.obj
     1>main.obj : error LNK2019: ссылка на неразрешенный внешний символ _SDL_Quit в функции _SDL_main
     1>main.obj : error LNK2019: ссылка на неразрешенный внешний символ _SDL_SetVideoMode в функции _SDL_main
     1>main.obj : error LNK2019: ссылка на неразрешенный внешний символ _SDL_Init в функции _SDL_main
     1>MSVCRTD.lib(crtexe.obj) : error LNK2019: ссылка на неразрешенный внешний символ _main в функции ___tmainCRTStartup
     1>D:\git\Snake\SnakeLevelEditor\Debug\SnakeLevelEditor.exe : fatal error LNK1120: 4 неразрешенных внешних элементов
     1>Построение проекта "D:\git\Snake\SnakeLevelEditor\SnakeLevelEditor\SnakeLevelEditor.vcxproj" завершено (целевые объекты build) с ошибкой.

СБОЙ построения.

Затраченное время: 00:00:00.66
