Построение начато 14.06.2013 1:34:52.
     1>Проект "D:\git\Snake\SnakeV0.3\SnakeV0.3\SnakeV0.3.vcxproj" в узле 2 (целевые объекты build).
     1>InitializeBuildStatus:
         Обращение к "x64\Debug\SnakeV0.3.unsuccessfulbuild".
       ClCompile:
         C:\Program Files (x86)\Microsoft Visual Studio 10.0\VC\bin\x86_amd64\CL.exe /c /Zi /nologo /W3 /WX- /Od /D WIN32 /D _DEBUG /D _CONSOLE /D _UNICODE /D UNICODE /Gm /EHsc /RTC1 /MDd /GS /fp:precise /Zc:wchar_t /Zc:forScope /Fo"x64\Debug\\" /Fd"x64\Debug\vc100.pdb" /Gd /TP /errorReport:prompt GameWithLevels.cpp
         GameWithLevels.cpp
       ManifestResourceCompile:
         Для всех выходных данных обновления не требуется.
       Link:
         C:\Program Files (x86)\Microsoft Visual Studio 10.0\VC\bin\x86_amd64\link.exe /ERRORREPORT:PROMPT /OUT:"D:\git\Snake\SnakeV0.3\x64\Debug\SnakeV0.3.exe" /INCREMENTAL /NOLOGO sdl.lib sdlmain.lib sdl_ttf.lib sdl_image.lib kernel32.lib user32.lib gdi32.lib winspool.lib comdlg32.lib advapi32.lib shell32.lib ole32.lib oleaut32.lib uuid.lib odbc32.lib odbccp32.lib /MANIFEST /ManifestFile:"x64\Debug\SnakeV0.3.exe.intermediate.manifest" /MANIFESTUAC:"level='asInvoker' uiAccess='false'" /DEBUG /PDB:"D:\git\Snake\SnakeV0.3\x64\Debug\SnakeV0.3.pdb" /SUBSYSTEM:CONSOLE /TLBID:1 /DYNAMICBASE /NXCOMPAT /IMPLIB:"D:\git\Snake\SnakeV0.3\x64\Debug\SnakeV0.3.lib" /MACHINE:X64 x64\Debug\SnakeV0.3.exe.embed.manifest.res
         x64\Debug\Cell.obj
         x64\Debug\CellEat.obj
         x64\Debug\CellEmpty.obj
         x64\Debug\CellReverse.obj
         x64\Debug\CellSnake.obj
         x64\Debug\CellTypeConverter.obj
         x64\Debug\CellWallDestructable.obj
         x64\Debug\GameClassic.obj
         x64\Debug\GameThroneMode.obj
         x64\Debug\GameTwoPlayers.obj
         x64\Debug\GameWithLevels.obj
         x64\Debug\GameModule.obj
         x64\Debug\HelloScreen.obj
         x64\Debug\IModule.obj
         x64\Debug\MenuButton.obj
         x64\Debug\ModuleMgr.obj
         x64\Debug\SelectGameMode.obj
         x64\Debug\Settings.obj
         x64\Debug\Snake.obj
         x64\Debug\SnakeV03_main.obj
         x64\Debug\StartMenu.obj
         SnakeV0.3.vcxproj -> D:\git\Snake\SnakeV0.3\x64\Debug\SnakeV0.3.exe
       Manifest:
         C:\Program Files (x86)\Microsoft SDKs\Windows\v7.0A\bin\mt.exe /nologo /verbose /out:"x64\Debug\SnakeV0.3.exe.embed.manifest" /manifest x64\Debug\SnakeV0.3.exe.intermediate.manifest
         Для всех выходных данных обновления не требуется.
       LinkEmbedManifest:
         Для всех выходных данных обновления не требуется.
         SnakeV0.3.vcxproj -> D:\git\Snake\SnakeV0.3\x64\Debug\SnakeV0.3.exe
       FinalizeBuildStatus:
         Файл "x64\Debug\SnakeV0.3.unsuccessfulbuild" удаляется.
         Обращение к "x64\Debug\SnakeV0.3.lastbuildstate".
     1>Построение проекта "D:\git\Snake\SnakeV0.3\SnakeV0.3\SnakeV0.3.vcxproj" завершено (целевые объекты build).

Построение успешно завершено.

Затраченное время: 00:00:05.15
