Построение начато 7/3/2013 11:12:18 PM.
     1>Проект "C:\Users\JEKY\Desktop\Snake\SnakeV0.8\SnakeV0.3\SnakeV0.3.vcxproj" в узле 2 (целевые объекты build).
     1>InitializeBuildStatus:
         Создание "x64\Debug\SnakeV0.8.unsuccessfulbuild", так как было задано "AlwaysCreate".
       ClCompile:
         C:\Program Files (x86)\Microsoft Visual Studio 10.0\VC\bin\x86_amd64\CL.exe /c /Zi /nologo /W3 /WX- /Od /D WIN32 /D _DEBUG /D _CONSOLE /D _UNICODE /D UNICODE /Gm /EHsc /RTC1 /MDd /GS /fp:precise /Zc:wchar_t /Zc:forScope /Fo"x64\Debug\\" /Fd"x64\Debug\vc100.pdb" /Gd /TP /errorReport:prompt GameTwoPlayers.cpp
         GameTwoPlayers.cpp
     1>GameTwoPlayers.cpp(192): warning C4996: 'sprintf': This function or variable may be unsafe. Consider using sprintf_s instead. To disable deprecation, use _CRT_SECURE_NO_WARNINGS. See online help for details.
                 C:\Program Files (x86)\Microsoft Visual Studio 10.0\VC\include\stdio.h(371): см. объявление "sprintf"
     1>GameTwoPlayers.cpp(193): warning C4996: 'sprintf': This function or variable may be unsafe. Consider using sprintf_s instead. To disable deprecation, use _CRT_SECURE_NO_WARNINGS. See online help for details.
                 C:\Program Files (x86)\Microsoft Visual Studio 10.0\VC\include\stdio.h(371): см. объявление "sprintf"
     1>GameTwoPlayers.cpp(194): warning C4996: 'sprintf': This function or variable may be unsafe. Consider using sprintf_s instead. To disable deprecation, use _CRT_SECURE_NO_WARNINGS. See online help for details.
                 C:\Program Files (x86)\Microsoft Visual Studio 10.0\VC\include\stdio.h(371): см. объявление "sprintf"
     1>GameTwoPlayers.cpp(195): warning C4996: 'sprintf': This function or variable may be unsafe. Consider using sprintf_s instead. To disable deprecation, use _CRT_SECURE_NO_WARNINGS. See online help for details.
                 C:\Program Files (x86)\Microsoft Visual Studio 10.0\VC\include\stdio.h(371): см. объявление "sprintf"
     1>GameTwoPlayers.cpp(197): warning C4305: =: усечение из "int" к "char"
     1>GameTwoPlayers.cpp(197): warning C4309: =: усечение константного значения
     1>GameTwoPlayers.cpp(198): warning C4305: =: усечение из "int" к "char"
     1>GameTwoPlayers.cpp(198): warning C4309: =: усечение константного значения
     1>GameTwoPlayers.cpp(199): warning C4305: =: усечение из "int" к "char"
     1>GameTwoPlayers.cpp(199): warning C4309: =: усечение константного значения
     1>GameTwoPlayers.cpp(200): warning C4305: =: усечение из "int" к "char"
     1>GameTwoPlayers.cpp(200): warning C4309: =: усечение константного значения
       ManifestResourceCompile:
         Для всех выходных данных обновления не требуется.
       Link:
         C:\Program Files (x86)\Microsoft Visual Studio 10.0\VC\bin\x86_amd64\link.exe /ERRORREPORT:PROMPT /OUT:"C:\Users\JEKY\Desktop\Snake\SnakeV0.8\x64\Debug\SnakeV0.8.exe" /INCREMENTAL /NOLOGO sdl.lib sdlmain.lib sdl_ttf.lib sdl_image.lib kernel32.lib user32.lib gdi32.lib winspool.lib comdlg32.lib advapi32.lib shell32.lib ole32.lib oleaut32.lib uuid.lib odbc32.lib odbccp32.lib /MANIFEST /ManifestFile:"x64\Debug\SnakeV0.8.exe.intermediate.manifest" /MANIFESTUAC:"level='asInvoker' uiAccess='false'" /DEBUG /PDB:"C:\Users\JEKY\Desktop\Snake\SnakeV0.8\x64\Debug\SnakeV0.8.pdb" /SUBSYSTEM:CONSOLE /TLBID:1 /DYNAMICBASE /NXCOMPAT /IMPLIB:"C:\Users\JEKY\Desktop\Snake\SnakeV0.8\x64\Debug\SnakeV0.8.lib" /MACHINE:X64 x64\Debug\SnakeV0.8.exe.embed.manifest.res
         x64\Debug\Cell.obj
         x64\Debug\CellConnection.obj
         x64\Debug\CellConnectionEatGenerator.obj
         x64\Debug\CellConnectionTeleport.obj
         x64\Debug\CellEat.obj
         x64\Debug\CellEatGenerator.obj
         x64\Debug\CellEmpty.obj
         x64\Debug\CellReverse.obj
         x64\Debug\CellSnake.obj
         x64\Debug\CellTeleport.obj
         x64\Debug\CellTypeConverter.obj
         x64\Debug\CellWallDestructable.obj
         x64\Debug\CellWallUndestructable.obj
         x64\Debug\GameClassic.obj
         x64\Debug\GameThroneMode.obj
         x64\Debug\GameTwoPlayers.obj
         x64\Debug\GameWithLevels.obj
         x64\Debug\GameModule.obj
         x64\Debug\HelloScreen.obj
         x64\Debug\IModule.obj
         x64\Debug\MenuButton.obj
         x64\Debug\ModuleMgr.obj
         x64\Debug\SelectGameMode.obj
         x64\Debug\Settings.obj
         x64\Debug\Snake.obj
         x64\Debug\SnakeV03_main.obj
         x64\Debug\StartMenu.obj
         SnakeV0.3.vcxproj -> C:\Users\JEKY\Desktop\Snake\SnakeV0.8\x64\Debug\SnakeV0.8.exe
       Manifest:
         C:\Program Files (x86)\Microsoft SDKs\Windows\v7.0A\bin\mt.exe /nologo /verbose /out:"x64\Debug\SnakeV0.8.exe.embed.manifest" /manifest x64\Debug\SnakeV0.8.exe.intermediate.manifest
         Для всех выходных данных обновления не требуется.
       LinkEmbedManifest:
         Для всех выходных данных обновления не требуется.
         SnakeV0.3.vcxproj -> C:\Users\JEKY\Desktop\Snake\SnakeV0.8\x64\Debug\SnakeV0.8.exe
       FinalizeBuildStatus:
         Файл "x64\Debug\SnakeV0.8.unsuccessfulbuild" удаляется.
         Обращение к "x64\Debug\SnakeV0.8.lastbuildstate".
     1>Построение проекта "C:\Users\JEKY\Desktop\Snake\SnakeV0.8\SnakeV0.3\SnakeV0.3.vcxproj" завершено (целевые объекты build).

Построение успешно завершено.

Затраченное время: 00:00:02.34
